[0m23:13:32.418213 [debug] [MainThread]: Sending event: {'category': 'dbt', 'action': 'invocation', 'label': 'start', 'context': [<snowplow_tracker.self_describing_json.SelfDescribingJson object at 0x1047762e0>, <snowplow_tracker.self_describing_json.SelfDescribingJson object at 0x106256d90>, <snowplow_tracker.self_describing_json.SelfDescribingJson object at 0x106256610>]}


============================== 23:13:32.420710 | 2fc09ed5-511f-4e81-868f-d10e1c593b26 ==============================
[0m23:13:32.420710 [info ] [MainThread]: Running with dbt=1.8.6
[0m23:13:32.421041 [debug] [MainThread]: running dbt with arguments {'printer_width': '80', 'indirect_selection': 'eager', 'write_json': 'True', 'log_cache_events': 'False', 'partial_parse': 'True', 'cache_selected_only': 'False', 'profiles_dir': '/Users/kairi/.dbt', 'fail_fast': 'False', 'version_check': 'True', 'log_path': 'logs', 'warn_error': 'None', 'debug': 'False', 'use_colors': 'True', 'use_experimental_parser': 'False', 'no_print': 'None', 'quiet': 'False', 'empty': 'None', 'log_format': 'default', 'static_parser': 'True', 'introspect': 'True', 'invocation_command': 'dbt init', 'target_path': 'None', 'warn_error_options': 'WarnErrorOptions(include=[], exclude=[])', 'send_anonymous_usage_stats': 'True'}
[0m23:13:32.428540 [warn ] [MainThread]: [ConfigFolderDirectory]: Unable to parse dict {'dir': PosixPath('/Users/kairi/.dbt')}
[0m23:13:32.428766 [info ] [MainThread]: Creating dbt configuration folder at 
[0m23:14:11.090682 [debug] [MainThread]: Starter project path: /Users/kairi/.pyenv/versions/3.9.6/lib/python3.9/site-packages/dbt/include/starter_project
[0m23:14:11.099529 [info ] [MainThread]: 
Your new dbt project "cosmosproject" was created!

For more information on how to configure the profiles.yml file,
please consult the dbt documentation here:

  https://docs.getdbt.com/docs/configure-your-profile

One more thing:

Need help? Don't hesitate to reach out to us via GitHub issues or on Slack:

  https://community.getdbt.com/

Happy modeling!

[0m23:14:11.100089 [info ] [MainThread]: Setting up your profile.
[0m23:20:27.547404 [info ] [MainThread]: Profile cosmosproject written to /Users/kairi/.dbt/profiles.yml using target's profile_template.yml and your supplied values. Run 'dbt debug' to validate the connection.
[0m23:20:27.588113 [debug] [MainThread]: Resource report: {"command_name": "init", "command_success": true, "command_wall_clock_time": 415.2062, "process_user_time": 0.732471, "process_kernel_time": 0.161183, "process_mem_max_rss": "91799552", "process_in_blocks": "0", "process_out_blocks": "0"}
[0m23:20:27.589822 [debug] [MainThread]: Command `dbt init` succeeded at 23:20:27.589613 after 415.21 seconds
[0m23:20:27.590642 [debug] [MainThread]: Sending event: {'category': 'dbt', 'action': 'invocation', 'label': 'end', 'context': [<snowplow_tracker.self_describing_json.SelfDescribingJson object at 0x1047762e0>, <snowplow_tracker.self_describing_json.SelfDescribingJson object at 0x1062a8040>, <snowplow_tracker.self_describing_json.SelfDescribingJson object at 0x1061e7820>]}
[0m23:20:27.591337 [debug] [MainThread]: Flushing usage events
